[LOG] Current time: 2025-07-02 01:41:50 -03-0300
Scikit-learn version: 1.5.0

================================================================================
DEMONSTRATION ON A SINGLE RECORD
================================================================================
Selected Record (Index: 0) Original Features:
protocol_type        tcp
service          private
flag                    
src_bytes              0
dst_bytes              0
Name: 0, dtype: object

Actual Label: 1 ('1' means attack, '0' means normal)

Preprocessed (scaled and one-hot encoded) record:
[0. 0. 0. 1. 0. 0. 0. 0. 0. 0. 0. 0. 0. 0. 0. 0. 0. 0. 0. 0. 0. 0. 0. 0.
 0. 0. 0. 0. 0. 0. 0. 0. 0. 0. 0. 0. 0. 0. 0. 0. 0. 0. 0. 0. 0. 0. 0. 0.
 0. 0. 0. 0. 0. 0. 1. 0. 0. 0. 0. 0. 0. 0. 0. 0. 0. 0. 0. 0. 0. 0. 0. 0.
 0. 0. 0. 1.]
================================================================================

--- 1. Non-FHE / Cleartext Prediction ---
[LOG] Current time: 2025-07-02 01:41:51 -03-0300
Training standard scikit-learn RandomForestClassifier...

Original Cypher (Processed Data):
[0. 0. 0. 1. 0. 0. 0. 0. 0. 0. 0. 0. 0. 0. 0. 0. 0. 0. 0. 0. 0. 0. 0. 0.
 0. 0. 0. 0. 0. 0. 0. 0. 0. 0. 0. 0. 0. 0. 0. 0. 0. 0. 0. 0. 0. 0. 0. 0.
 0. 0. 0. 0. 0. 0. 1. 0. 0. 0. 0. 0. 0. 0. 0. 0. 0. 0. 0. 0. 0. 0. 0. 0.
 0. 0. 0. 1.]

Prediction Result (Cleartext):
Predicted Label: 1
Prediction Probabilities: [1.45668867e-04 9.99854331e-01]
----------------------------------------

--- 2. FHE / Encrypted Prediction ---
[LOG] Current time: 2025-07-02 01:41:52 -03-0300
Training Concrete-ML RandomForestClassifier...
[LOG] Current time: 2025-07-02 01:41:53 -03-0300
Compiling FHE model (this may take a moment)...
[LOG] Current time: 2025-07-02 01:43:29 -03-0300
Making FHE prediction on the single record...

Original Cypher (Processed Data):
[0. 0. 0. 1. 0. 0. 0. 0. 0. 0. 0. 0. 0. 0. 0. 0. 0. 0. 0. 0. 0. 0. 0. 0.
 0. 0. 0. 0. 0. 0. 0. 0. 0. 0. 0. 0. 0. 0. 0. 0. 0. 0. 0. 0. 0. 0. 0. 0.
 0. 0. 0. 0. 0. 0. 1. 0. 0. 0. 0. 0. 0. 0. 0. 0. 0. 0. 0. 0. 0. 0. 0. 0.
 0. 0. 0. 1.]

Quantized Cypher (Data that gets encrypted):
[ 0  0  0 63  0  0  0  0  0  0  0  0  0  0  0  0  0  0  0  0  0  0  0  0
  0  0  0  0  0  0  0  0  0  0  0  0  0  0  0  0  0  0  0  0  0  0  0  0
  0  0  0  0  0  0 63  0  0  0  0  0  0  0  0  0  0  0  0  0  0  0  0  0
  0  0  0  1]

Encrypted Result (this is an encrypted value, not directly viewable):
The FHE execution returns a decrypted result directly for convenience.
Internally, the prediction is computed on encrypted data.

Decrypted Result (from FHE execution):
Predicted Label: 1
Prediction Probabilities: [0.25079365 0.74920636]
----------------------------------------

--- 3. Summary of Results ---
Original Record Features:
protocol_type        tcp
service          private
flag                    
src_bytes              0
dst_bytes              0
Name: 0, dtype: object

Actual Label: 		1
Non-FHE Prediction: 	1
FHE Prediction: 		1

Are Non-FHE and FHE predictions the same? Yes
[LOG] Current time: 2025-07-02 01:43:36 -03-0300
Done.
